<?xml version="1.0" encoding="UTF-8"?>
<!-- Generated by org.testng.reporters.JUnitReportReporter -->
<testsuite hostname="LAPTOP-A3LADIDG" failures="0" tests="1" name="ProductTest.CreateProduct" time="12.532" errors="0" timestamp="2025-04-01T19:17:38 IST" skipped="0">
  <testcase classname="ProductTest.CreateProduct" name="createProductTest" time="12.532">
    <system-out>
      <![CDATA[Product Car_644 added successfully]]>
    </system-out>
  </testcase> <!-- createProductTest -->
  <system-out>
    <![CDATA[Campaign Apple_410 added sucessfully
Campaign Apple_179 added sucessfully
Product Car_644 added successfully
Contact veena_502 added Successfully]]>
  </system-out>
</testsuite> <!-- ProductTest.CreateProduct -->
