<?xml version="1.0" encoding="UTF-8"?>
<!-- Generated by org.testng.reporters.JUnitReportReporter -->
<testsuite hostname="LAPTOP-A3LADIDG" failures="0" tests="1" name="ContactsTest.CreateContactTest" time="20.531" errors="0" timestamp="2025-06-04T13:26:25 IST" skipped="0">
  <testcase classname="ContactsTest.CreateContactTest" name="createContactTest" time="20.531">
    <system-out>
      <![CDATA[Contact veena_283 added Successfully]]>
    </system-out>
  </testcase> <!-- createContactTest -->
  <system-out>
    <![CDATA[Validation is passed
Campaign Apple_657 added sucessfully
Contact veena_283 added Successfully
Product Car_808 added successfully]]>
  </system-out>
</testsuite> <!-- ContactsTest.CreateContactTest -->
