<?xml version="1.0" encoding="UTF-8"?>
<!-- Generated by org.testng.reporters.JUnitReportReporter -->
<testsuite hostname="LAPTOP-A3LADIDG" failures="0" tests="3" name="DDTPractise.DataProviderUsage" time="0.025" errors="0" timestamp="2025-03-25T20:48:53 IST" skipped="0">
  <testcase classname="DDTPractise.DataProviderUsage" name="testCase" time="0.020"/>
  <testcase classname="DDTPractise.DataProviderUsage" name="testCase" time="0.002"/>
  <testcase classname="DDTPractise.DataProviderUsage" name="testCase" time="0.003"/>
</testsuite> <!-- DDTPractise.DataProviderUsage -->
