<?xml version="1.0" encoding="UTF-8"?>
<!-- Generated by org.testng.reporters.JUnitReportReporter -->
<testsuite hostname="LAPTOP-A3LADIDG" failures="0" tests="1" name="Login.LoginTest" time="9.058" errors="0" timestamp="2025-06-04T13:26:25 IST" skipped="0">
  <testcase classname="Login.LoginTest" name="loginTest" time="9.058">
    <system-out>
      <![CDATA[Validation is passed]]>
    </system-out>
  </testcase> <!-- loginTest -->
  <system-out>
    <![CDATA[Validation is passed
Campaign Apple_657 added sucessfully
Contact veena_283 added Successfully
Product Car_808 added successfully]]>
  </system-out>
</testsuite> <!-- Login.LoginTest -->
