<?xml version="1.0" encoding="UTF-8"?>
<!-- Generated by org.testng.reporters.JUnitReportReporter -->
<testsuite hostname="LAPTOP-A3LADIDG" failures="0" tests="2" name="CampaignTest.CreateCampaignTest" time="33.788" errors="0" timestamp="2025-04-04T20:25:07 IST" skipped="0">
  <testcase classname="CampaignTest.CreateCampaignTest" name="createCampaignWithDateTest" time="18.123">
    <system-out>
      <![CDATA[Campaign Apple_338 added sucessfully]]>
    </system-out>
  </testcase> <!-- createCampaignWithDateTest -->
  <testcase classname="CampaignTest.CreateCampaignTest" name="createCampaignTest" time="15.665">
    <system-out>
      <![CDATA[Campaign Apple_741 added sucessfully]]>
    </system-out>
  </testcase> <!-- createCampaignTest -->
  <system-out>
    <![CDATA[Campaign Apple_741 added sucessfully
Campaign Apple_338 added sucessfully
Product Car_885 added successfully
Validation is passed
Contact veena_604 added Successfully]]>
  </system-out>
</testsuite> <!-- CampaignTest.CreateCampaignTest -->
