<?xml version="1.0" encoding="UTF-8"?>
<!-- Generated by org.testng.reporters.JUnitReportReporter -->
<testsuite hostname="LAPTOP-A3LADIDG" failures="0" tests="1" name="Login.LoginTest" time="8.838" errors="0" timestamp="2025-08-29T12:57:55 IST" skipped="0">
  <testcase classname="Login.LoginTest" name="loginTest" time="8.838">
    <system-out>
      <![CDATA[Validation is passed]]>
    </system-out>
  </testcase> <!-- loginTest -->
  <system-out>
    <![CDATA[Validation is passed]]>
  </system-out>
</testsuite> <!-- Login.LoginTest -->
