<?xml version="1.0" encoding="UTF-8"?>
<!-- Generated by org.testng.reporters.JUnitReportReporter -->
<testsuite hostname="LAPTOP-A3LADIDG" failures="0" tests="1" name="ContactsTest.CreateContactTest" time="23.805" errors="0" timestamp="2025-04-04T20:25:07 IST" skipped="0">
  <testcase classname="ContactsTest.CreateContactTest" name="createContactTest" time="23.805">
    <system-out>
      <![CDATA[Contact veena_604 added Successfully]]>
    </system-out>
  </testcase> <!-- createContactTest -->
  <system-out>
    <![CDATA[Campaign Apple_741 added sucessfully
Campaign Apple_338 added sucessfully
Product Car_885 added successfully
Validation is passed
Contact veena_604 added Successfully]]>
  </system-out>
</testsuite> <!-- ContactsTest.CreateContactTest -->
