<?xml version="1.0" encoding="UTF-8"?>
<!-- Generated by org.testng.reporters.JUnitReportReporter -->
<testsuite hostname="LAPTOP-A3LADIDG" failures="0" tests="1" name="Login.LoginTest" time="8.160" errors="0" timestamp="2025-04-04T20:25:07 IST" skipped="0">
  <testcase classname="Login.LoginTest" name="loginTest" time="8.160">
    <system-out>
      <![CDATA[Validation is passed]]>
    </system-out>
  </testcase> <!-- loginTest -->
  <system-out>
    <![CDATA[Campaign Apple_741 added sucessfully
Campaign Apple_338 added sucessfully
Product Car_885 added successfully
Validation is passed
Contact veena_604 added Successfully]]>
  </system-out>
</testsuite> <!-- Login.LoginTest -->
