<?xml version="1.0" encoding="UTF-8"?>
<!-- Generated by org.testng.reporters.JUnitReportReporter -->
<testsuite hostname="LAPTOP-A3LADIDG" failures="0" tests="4" name="TestNGPractise.P1" time="23.441" errors="0" timestamp="2025-04-07T12:24:06 IST" skipped="0">
  <testcase classname="TestNGPractise.P1" name="test1" time="6.480"/>
  <testcase classname="TestNGPractise.P1" name="test1" time="6.293"/>
  <testcase classname="TestNGPractise.P1" name="test1" time="4.303"/>
  <testcase classname="TestNGPractise.P1" name="test1" time="6.365"/>
</testsuite> <!-- TestNGPractise.P1 -->
