<?xml version="1.0" encoding="UTF-8"?>
<!-- Generated by org.testng.reporters.JUnitReportReporter -->
<testsuite hostname="LAPTOP-A3LADIDG" failures="0" tests="1" name="ProductTest.CreateProductTest" time="14.422" errors="0" timestamp="2025-06-04T13:26:25 IST" skipped="0">
  <testcase classname="ProductTest.CreateProductTest" name="createProductTest" time="14.422">
    <system-out>
      <![CDATA[Product Car_808 added successfully]]>
    </system-out>
  </testcase> <!-- createProductTest -->
  <system-out>
    <![CDATA[Validation is passed
Campaign Apple_657 added sucessfully
Contact veena_283 added Successfully
Product Car_808 added successfully]]>
  </system-out>
</testsuite> <!-- ProductTest.CreateProductTest -->
