<?xml version="1.0" encoding="UTF-8"?>
<!-- Generated by org.testng.reporters.JUnitReportReporter -->
<testsuite hostname="LAPTOP-A3LADIDG" failures="0" tests="2" name="CampaignTest.CreateCampaign" time="17.510" errors="0" timestamp="2025-04-01T19:17:38 IST" skipped="0">
  <testcase classname="CampaignTest.CreateCampaign" name="createCampaignWithDateTest" time="9.560">
    <system-out>
      <![CDATA[Campaign Apple_179 added sucessfully]]>
    </system-out>
  </testcase> <!-- createCampaignWithDateTest -->
  <testcase classname="CampaignTest.CreateCampaign" name="createCampaignTest" time="7.950">
    <system-out>
      <![CDATA[Campaign Apple_410 added sucessfully]]>
    </system-out>
  </testcase> <!-- createCampaignTest -->
  <system-out>
    <![CDATA[Campaign Apple_410 added sucessfully
Campaign Apple_179 added sucessfully
Product Car_644 added successfully
Contact veena_502 added Successfully]]>
  </system-out>
</testsuite> <!-- CampaignTest.CreateCampaign -->
